2019-10-08 07:20:52 INFO  PluginTasksProjectComponent.projectOpened(78) - ---------- Version 3.34 ----------

2019-10-08 07:20:52 INFO  ApacheHttpClient.createAsyncHttpClient(133) - 1 proxies selected. Type: DIRECT
2019-10-08 07:20:52 INFO  ApacheHttpClient.<init>(91) - ApacheHttpClient was successfully instantiated.
2019-10-08 07:20:56 INFO  ApacheHttpClient.testConnection(191) - responseCode = 200
2019-10-08 07:20:56 INFO  ApacheHttpClient.testConnection(206) - result = true
2019-10-08 07:20:56 INFO  ApacheHttpClient.isSessionAppropriateWithSecretKey(583) - Waiting for server response.
2019-10-08 07:20:57 INFO  ApacheHttpClient.refreshUserInfo(291) - responseCode = 200
2019-10-08 07:20:57 INFO  ApacheHttpClient.refreshUserInfo(297) - User information received.
2019-10-08 07:20:57 INFO  ApacheHttpClient.startGA(35) - GAService started.
2019-10-08 07:20:57 INFO  AbstractRestApiClient.startService(71) - EventsService started.
2019-10-08 11:29:56 INFO  ApacheHttpClient.sendEvent(516) - responseCode = 200
2019-10-08 11:29:56 INFO  ApacheHttpClient.sendEvent(516) - responseCode = 200
2019-10-08 11:29:56 INFO  ApacheHttpClient.sendEvent(516) - responseCode = 200
2019-10-08 11:29:56 INFO  ApacheHttpClient.sendEvent(516) - responseCode = 200
2019-10-08 11:30:56 INFO  ApacheHttpClient.sendEvent(516) - responseCode = 200
2019-10-08 11:30:56 INFO  ApacheHttpClient.sendEvent(516) - responseCode = 200
2019-10-08 11:30:56 INFO  ApacheHttpClient.sendEvent(516) - responseCode = 200
2019-10-08 11:30:56 INFO  ApacheHttpClient.sendEvent(516) - responseCode = 200
2019-10-08 11:31:56 INFO  ApacheHttpClient.sendEvent(516) - responseCode = 200
2019-10-08 11:31:56 INFO  ApacheHttpClient.sendEvent(516) - responseCode = 200
2019-10-08 11:31:56 INFO  ApacheHttpClient.sendEvent(516) - responseCode = 200
2019-10-08 11:31:56 INFO  ApacheHttpClient.sendEvent(516) - responseCode = 200
2019-10-08 11:32:56 INFO  ApacheHttpClient.sendEvent(516) - responseCode = 200
2019-10-08 11:32:56 INFO  ApacheHttpClient.sendEvent(516) - responseCode = 200
2019-10-08 11:32:56 INFO  ApacheHttpClient.sendEvent(516) - responseCode = 200
2019-10-08 11:32:56 INFO  ApacheHttpClient.sendEvent(516) - responseCode = 200
2019-10-08 11:33:56 INFO  ApacheHttpClient.sendEvent(516) - responseCode = 200
2019-10-08 11:33:56 INFO  ApacheHttpClient.sendEvent(516) - responseCode = 200
2019-10-08 11:33:56 INFO  ApacheHttpClient.sendEvent(516) - responseCode = 200
2019-10-08 11:33:56 INFO  ApacheHttpClient.sendEvent(516) - responseCode = 200
2019-10-08 11:34:56 INFO  ApacheHttpClient.sendEvent(516) - responseCode = 200
2019-10-08 11:34:56 INFO  ApacheHttpClient.sendEvent(516) - responseCode = 200
2019-10-08 11:34:56 INFO  ApacheHttpClient.sendEvent(516) - responseCode = 200
2019-10-08 11:34:56 INFO  ApacheHttpClient.sendEvent(516) - responseCode = 200
2019-10-08 11:35:56 INFO  ApacheHttpClient.sendEvent(516) - responseCode = 200
2019-10-08 11:35:56 INFO  ApacheHttpClient.sendEvent(516) - responseCode = 200
2019-10-08 11:35:56 INFO  ApacheHttpClient.sendEvent(516) - responseCode = 200
2019-10-08 11:35:56 INFO  ApacheHttpClient.sendEvent(516) - responseCode = 200
2019-10-08 11:36:56 INFO  ApacheHttpClient.sendEvent(516) - responseCode = 200
2019-10-08 11:36:56 INFO  ApacheHttpClient.sendEvent(516) - responseCode = 200
2019-10-08 11:36:56 INFO  ApacheHttpClient.sendEvent(516) - responseCode = 200
2019-10-08 11:36:56 INFO  ApacheHttpClient.sendEvent(516) - responseCode = 200
2019-10-08 11:37:56 INFO  ApacheHttpClient.sendEvent(516) - responseCode = 200
2019-10-08 11:37:56 INFO  ApacheHttpClient.sendEvent(516) - responseCode = 200
2019-10-08 11:37:56 INFO  ApacheHttpClient.sendEvent(516) - responseCode = 200
2019-10-08 11:37:56 INFO  ApacheHttpClient.sendEvent(516) - responseCode = 200
2019-10-08 11:38:56 INFO  ApacheHttpClient.sendEvent(516) - responseCode = 200
2019-10-08 11:38:56 INFO  ApacheHttpClient.sendEvent(516) - responseCode = 200
2019-10-08 11:38:56 INFO  ApacheHttpClient.sendEvent(516) - responseCode = 200
2019-10-08 11:38:56 INFO  ApacheHttpClient.sendEvent(516) - responseCode = 200
2019-10-08 11:39:56 INFO  ApacheHttpClient.sendEvent(516) - responseCode = 200
2019-10-08 11:39:56 INFO  ApacheHttpClient.sendEvent(516) - responseCode = 200
2019-10-08 11:39:56 INFO  ApacheHttpClient.sendEvent(516) - responseCode = 200
2019-10-08 11:39:56 INFO  ApacheHttpClient.sendEvent(516) - responseCode = 200
2019-10-08 11:40:56 INFO  ApacheHttpClient.sendEvent(516) - responseCode = 200
2019-10-08 11:40:56 INFO  ApacheHttpClient.sendEvent(516) - responseCode = 200
2019-10-08 11:40:56 INFO  ApacheHttpClient.sendEvent(516) - responseCode = 200
2019-10-08 11:40:56 INFO  ApacheHttpClient.sendEvent(516) - responseCode = 200
2019-10-08 11:41:56 INFO  ApacheHttpClient.sendEvent(516) - responseCode = 200
2019-10-08 11:41:56 INFO  ApacheHttpClient.sendEvent(516) - responseCode = 200
2019-10-08 11:41:56 INFO  ApacheHttpClient.sendEvent(516) - responseCode = 200
2019-10-08 11:41:56 INFO  ApacheHttpClient.sendEvent(516) - responseCode = 200
2019-10-08 11:42:56 INFO  ApacheHttpClient.sendEvent(516) - responseCode = 200
2019-10-08 11:42:56 INFO  ApacheHttpClient.sendEvent(516) - responseCode = 200
2019-10-08 11:42:56 INFO  ApacheHttpClient.sendEvent(516) - responseCode = 200
2019-10-08 11:42:56 INFO  ApacheHttpClient.sendEvent(516) - responseCode = 200
2019-10-08 11:43:56 INFO  ApacheHttpClient.sendEvent(516) - responseCode = 200
2019-10-08 11:43:56 INFO  ApacheHttpClient.sendEvent(516) - responseCode = 200
2019-10-08 11:43:56 INFO  ApacheHttpClient.sendEvent(516) - responseCode = 200
2019-10-08 11:43:56 INFO  ApacheHttpClient.sendEvent(516) - responseCode = 200
2019-10-08 11:44:56 INFO  ApacheHttpClient.sendEvent(516) - responseCode = 200
2019-10-08 11:44:56 INFO  ApacheHttpClient.sendEvent(516) - responseCode = 200
2019-10-08 11:44:56 INFO  ApacheHttpClient.sendEvent(516) - responseCode = 200
2019-10-08 11:44:56 INFO  ApacheHttpClient.sendEvent(516) - responseCode = 200
2019-10-08 11:45:56 INFO  ApacheHttpClient.sendEvent(516) - responseCode = 200
2019-10-08 11:45:56 INFO  ApacheHttpClient.sendEvent(516) - responseCode = 200
2019-10-08 11:45:56 INFO  ApacheHttpClient.sendEvent(516) - responseCode = 200
2019-10-08 11:45:56 INFO  ApacheHttpClient.sendEvent(516) - responseCode = 200
2019-10-08 11:46:56 INFO  ApacheHttpClient.sendEvent(516) - responseCode = 200
2019-10-08 11:46:56 INFO  ApacheHttpClient.sendEvent(516) - responseCode = 200
2019-10-08 11:46:56 INFO  ApacheHttpClient.sendEvent(516) - responseCode = 200
2019-10-08 11:46:56 INFO  ApacheHttpClient.sendEvent(516) - responseCode = 200
2019-10-08 11:47:56 INFO  ApacheHttpClient.sendEvent(516) - responseCode = 200
2019-10-08 11:47:56 INFO  ApacheHttpClient.sendEvent(516) - responseCode = 200
2019-10-08 11:47:56 INFO  ApacheHttpClient.sendEvent(516) - responseCode = 200
2019-10-08 11:47:56 INFO  ApacheHttpClient.sendEvent(516) - responseCode = 200
2019-10-08 11:48:56 INFO  ApacheHttpClient.sendEvent(516) - responseCode = 200
2019-10-08 11:48:56 INFO  ApacheHttpClient.sendEvent(516) - responseCode = 200
2019-10-08 11:48:56 INFO  ApacheHttpClient.sendEvent(516) - responseCode = 200
2019-10-08 11:48:56 INFO  ApacheHttpClient.sendEvent(516) - responseCode = 200
2019-10-08 11:49:56 INFO  ApacheHttpClient.sendEvent(516) - responseCode = 200
2019-10-08 11:49:56 INFO  ApacheHttpClient.sendEvent(516) - responseCode = 200
2019-10-08 11:49:56 INFO  ApacheHttpClient.sendEvent(516) - responseCode = 200
2019-10-08 11:49:56 INFO  ApacheHttpClient.sendEvent(516) - responseCode = 200
2019-10-08 11:50:56 INFO  ApacheHttpClient.sendEvent(516) - responseCode = 200
2019-10-08 11:50:56 INFO  ApacheHttpClient.sendEvent(516) - responseCode = 200
2019-10-08 11:50:56 INFO  ApacheHttpClient.sendEvent(516) - responseCode = 200
2019-10-08 11:50:56 INFO  ApacheHttpClient.sendEvent(516) - responseCode = 200
2019-10-08 11:51:56 INFO  ApacheHttpClient.sendEvent(516) - responseCode = 200
2019-10-08 11:51:56 INFO  ApacheHttpClient.sendEvent(516) - responseCode = 200
2019-10-08 11:51:56 INFO  ApacheHttpClient.sendEvent(516) - responseCode = 200
2019-10-08 11:51:56 INFO  ApacheHttpClient.sendEvent(516) - responseCode = 200
2019-10-08 11:52:56 INFO  ApacheHttpClient.sendEvent(516) - responseCode = 200
2019-10-08 11:52:56 INFO  ApacheHttpClient.sendEvent(516) - responseCode = 200
2019-10-08 11:52:56 INFO  ApacheHttpClient.sendEvent(516) - responseCode = 200
2019-10-08 11:52:56 INFO  ApacheHttpClient.sendEvent(516) - responseCode = 200
2019-10-08 11:53:56 INFO  ApacheHttpClient.sendEvent(516) - responseCode = 200
2019-10-08 11:53:56 INFO  ApacheHttpClient.sendEvent(516) - responseCode = 200
2019-10-08 11:53:56 INFO  ApacheHttpClient.sendEvent(516) - responseCode = 200
2019-10-08 11:53:56 INFO  ApacheHttpClient.sendEvent(516) - responseCode = 200
2019-10-08 11:54:56 INFO  ApacheHttpClient.sendEvent(516) - responseCode = 200
2019-10-08 11:54:56 INFO  ApacheHttpClient.sendEvent(516) - responseCode = 200
2019-10-08 11:54:56 INFO  ApacheHttpClient.sendEvent(516) - responseCode = 200
2019-10-08 11:54:56 INFO  ApacheHttpClient.sendEvent(516) - responseCode = 200
2019-10-08 11:55:56 INFO  ApacheHttpClient.sendEvent(516) - responseCode = 200
2019-10-08 11:55:56 INFO  ApacheHttpClient.sendEvent(516) - responseCode = 200
2019-10-08 11:55:56 INFO  ApacheHttpClient.sendEvent(516) - responseCode = 200
2019-10-08 11:55:56 INFO  ApacheHttpClient.sendEvent(516) - responseCode = 200
2019-10-08 11:56:56 INFO  ApacheHttpClient.sendEvent(516) - responseCode = 200
2019-10-08 11:56:56 INFO  ApacheHttpClient.sendEvent(516) - responseCode = 200
2019-10-08 11:56:56 INFO  ApacheHttpClient.sendEvent(516) - responseCode = 200
2019-10-08 11:56:56 INFO  ApacheHttpClient.sendEvent(516) - responseCode = 200
2019-10-08 11:57:56 INFO  ApacheHttpClient.sendEvent(516) - responseCode = 200
2019-10-08 11:57:56 INFO  ApacheHttpClient.sendEvent(516) - responseCode = 200
2019-10-08 11:57:56 INFO  ApacheHttpClient.sendEvent(516) - responseCode = 200
2019-10-08 11:57:56 INFO  ApacheHttpClient.sendEvent(516) - responseCode = 200
2019-10-08 11:58:56 INFO  ApacheHttpClient.sendEvent(516) - responseCode = 200
2019-10-08 11:58:56 INFO  ApacheHttpClient.sendEvent(516) - responseCode = 200
2019-10-08 11:58:56 INFO  ApacheHttpClient.sendEvent(516) - responseCode = 200
2019-10-08 11:58:56 INFO  ApacheHttpClient.sendEvent(516) - responseCode = 200
2019-10-08 11:59:56 INFO  ApacheHttpClient.sendEvent(516) - responseCode = 200
2019-10-08 11:59:56 INFO  ApacheHttpClient.sendEvent(516) - responseCode = 200
2019-10-08 11:59:56 INFO  ApacheHttpClient.sendEvent(516) - responseCode = 200
2019-10-08 11:59:56 INFO  ApacheHttpClient.sendEvent(516) - responseCode = 200
2019-10-08 12:00:56 INFO  ApacheHttpClient.sendEvent(516) - responseCode = 200
2019-10-08 12:00:56 INFO  ApacheHttpClient.sendEvent(516) - responseCode = 200
2019-10-08 12:00:56 INFO  ApacheHttpClient.sendEvent(516) - responseCode = 200
2019-10-08 12:00:56 INFO  ApacheHttpClient.sendEvent(516) - responseCode = 200
2019-10-08 12:01:56 INFO  ApacheHttpClient.sendEvent(516) - responseCode = 200
2019-10-08 12:01:56 INFO  ApacheHttpClient.sendEvent(516) - responseCode = 200
2019-10-08 12:01:56 INFO  ApacheHttpClient.sendEvent(516) - responseCode = 200
2019-10-08 12:01:56 INFO  ApacheHttpClient.sendEvent(516) - responseCode = 200
2019-10-08 12:02:56 INFO  ApacheHttpClient.sendEvent(516) - responseCode = 200
2019-10-08 12:02:56 INFO  ApacheHttpClient.sendEvent(516) - responseCode = 200
2019-10-08 12:02:56 INFO  ApacheHttpClient.sendEvent(516) - responseCode = 200
2019-10-08 12:02:56 INFO  ApacheHttpClient.sendEvent(516) - responseCode = 200
2019-10-08 12:03:56 INFO  ApacheHttpClient.sendEvent(516) - responseCode = 200
2019-10-08 12:03:56 INFO  ApacheHttpClient.sendEvent(516) - responseCode = 200
2019-10-08 12:03:56 INFO  ApacheHttpClient.sendEvent(516) - responseCode = 200
2019-10-08 12:03:56 INFO  ApacheHttpClient.sendEvent(516) - responseCode = 200
2019-10-08 12:04:56 INFO  ApacheHttpClient.sendEvent(516) - responseCode = 200
2019-10-08 12:04:56 INFO  ApacheHttpClient.sendEvent(516) - responseCode = 200
2019-10-08 12:04:56 INFO  ApacheHttpClient.sendEvent(516) - responseCode = 200
2019-10-08 12:04:56 INFO  ApacheHttpClient.sendEvent(516) - responseCode = 200
2019-10-08 12:05:56 INFO  ApacheHttpClient.sendEvent(516) - responseCode = 200
2019-10-08 12:05:56 INFO  ApacheHttpClient.sendEvent(516) - responseCode = 200
2019-10-08 12:05:56 INFO  ApacheHttpClient.sendEvent(516) - responseCode = 200
2019-10-08 12:05:56 INFO  ApacheHttpClient.sendEvent(516) - responseCode = 200
2019-10-08 12:06:56 INFO  ApacheHttpClient.sendEvent(516) - responseCode = 200
2019-10-08 12:06:56 INFO  ApacheHttpClient.sendEvent(516) - responseCode = 200
2019-10-08 12:06:56 INFO  ApacheHttpClient.sendEvent(516) - responseCode = 200
2019-10-08 12:06:56 INFO  ApacheHttpClient.sendEvent(516) - responseCode = 200
2019-10-08 12:07:56 INFO  ApacheHttpClient.sendEvent(516) - responseCode = 200
2019-10-08 12:07:56 INFO  ApacheHttpClient.sendEvent(516) - responseCode = 200
2019-10-08 12:07:56 INFO  ApacheHttpClient.sendEvent(516) - responseCode = 200
2019-10-08 12:07:56 INFO  ApacheHttpClient.sendEvent(516) - responseCode = 200
2019-10-08 12:08:56 INFO  ApacheHttpClient.sendEvent(516) - responseCode = 200
2019-10-08 12:08:56 INFO  ApacheHttpClient.sendEvent(516) - responseCode = 200
2019-10-08 12:08:56 INFO  ApacheHttpClient.sendEvent(516) - responseCode = 200
2019-10-08 12:08:56 INFO  ApacheHttpClient.sendEvent(516) - responseCode = 200
2019-10-08 12:09:56 INFO  ApacheHttpClient.sendEvent(516) - responseCode = 200
2019-10-08 12:09:56 INFO  ApacheHttpClient.sendEvent(516) - responseCode = 200
2019-10-08 12:09:56 INFO  ApacheHttpClient.sendEvent(516) - responseCode = 200
2019-10-08 12:09:56 INFO  ApacheHttpClient.sendEvent(516) - responseCode = 200
2019-10-08 12:10:56 INFO  ApacheHttpClient.sendEvent(516) - responseCode = 200
2019-10-08 12:10:56 INFO  ApacheHttpClient.sendEvent(516) - responseCode = 200
2019-10-08 12:10:56 INFO  ApacheHttpClient.sendEvent(516) - responseCode = 200
2019-10-08 12:10:56 INFO  ApacheHttpClient.sendEvent(516) - responseCode = 200
2019-10-08 12:11:56 INFO  ApacheHttpClient.sendEvent(516) - responseCode = 200
2019-10-08 12:11:56 INFO  ApacheHttpClient.sendEvent(516) - responseCode = 200
2019-10-08 12:11:56 INFO  ApacheHttpClient.sendEvent(516) - responseCode = 200
2019-10-08 12:11:56 INFO  ApacheHttpClient.sendEvent(516) - responseCode = 200
2019-10-08 12:12:56 INFO  ApacheHttpClient.sendEvent(516) - responseCode = 200
2019-10-08 12:12:56 INFO  ApacheHttpClient.sendEvent(516) - responseCode = 200
2019-10-08 12:12:56 INFO  ApacheHttpClient.sendEvent(516) - responseCode = 200
2019-10-08 12:12:56 INFO  ApacheHttpClient.sendEvent(516) - responseCode = 200
2019-10-08 12:13:56 INFO  ApacheHttpClient.sendEvent(516) - responseCode = 200
2019-10-08 12:13:56 INFO  ApacheHttpClient.sendEvent(516) - responseCode = 200
2019-10-08 12:13:56 INFO  ApacheHttpClient.sendEvent(516) - responseCode = 200
2019-10-08 12:13:56 INFO  ApacheHttpClient.sendEvent(516) - responseCode = 200
2019-10-08 12:14:56 INFO  ApacheHttpClient.sendEvent(516) - responseCode = 200
2019-10-08 12:14:56 INFO  ApacheHttpClient.sendEvent(516) - responseCode = 200
2019-10-08 12:14:56 INFO  ApacheHttpClient.sendEvent(516) - responseCode = 200
2019-10-08 12:14:56 INFO  ApacheHttpClient.sendEvent(516) - responseCode = 200
2019-10-08 12:15:56 INFO  ApacheHttpClient.sendEvent(516) - responseCode = 200
2019-10-08 12:15:56 INFO  ApacheHttpClient.sendEvent(516) - responseCode = 200
2019-10-08 12:15:56 INFO  ApacheHttpClient.sendEvent(516) - responseCode = 200
2019-10-08 12:15:56 INFO  ApacheHttpClient.sendEvent(516) - responseCode = 200
2019-10-08 12:16:56 INFO  ApacheHttpClient.sendEvent(516) - responseCode = 200
2019-10-08 12:16:56 INFO  ApacheHttpClient.sendEvent(516) - responseCode = 200
2019-10-08 12:16:56 INFO  ApacheHttpClient.sendEvent(516) - responseCode = 200
2019-10-08 12:16:56 INFO  ApacheHttpClient.sendEvent(516) - responseCode = 200
2019-10-08 12:17:56 INFO  ApacheHttpClient.sendEvent(516) - responseCode = 200
2019-10-08 12:17:56 INFO  ApacheHttpClient.sendEvent(516) - responseCode = 200
2019-10-08 12:17:56 INFO  ApacheHttpClient.sendEvent(516) - responseCode = 200
2019-10-08 12:17:56 INFO  ApacheHttpClient.sendEvent(516) - responseCode = 200
2019-10-08 12:18:56 INFO  ApacheHttpClient.sendEvent(516) - responseCode = 200
2019-10-08 12:18:56 INFO  ApacheHttpClient.sendEvent(516) - responseCode = 200
2019-10-08 12:18:56 INFO  ApacheHttpClient.sendEvent(516) - responseCode = 200
2019-10-08 12:18:56 INFO  ApacheHttpClient.sendEvent(516) - responseCode = 200
2019-10-08 12:19:56 INFO  ApacheHttpClient.sendEvent(516) - responseCode = 200
2019-10-08 12:19:56 INFO  ApacheHttpClient.sendEvent(516) - responseCode = 200
2019-10-08 12:19:56 INFO  ApacheHttpClient.sendEvent(516) - responseCode = 200
2019-10-08 12:19:56 INFO  ApacheHttpClient.sendEvent(516) - responseCode = 200
2019-10-08 12:20:56 INFO  ApacheHttpClient.sendEvent(516) - responseCode = 200
2019-10-08 12:20:56 INFO  ApacheHttpClient.sendEvent(516) - responseCode = 200
2019-10-08 12:20:56 INFO  ApacheHttpClient.sendEvent(516) - responseCode = 200
2019-10-08 12:20:56 INFO  ApacheHttpClient.sendEvent(516) - responseCode = 200
2019-10-08 12:21:56 INFO  ApacheHttpClient.sendEvent(516) - responseCode = 200
2019-10-08 12:21:56 INFO  ApacheHttpClient.sendEvent(516) - responseCode = 200
2019-10-08 12:21:56 INFO  ApacheHttpClient.sendEvent(516) - responseCode = 200
2019-10-08 12:21:56 INFO  ApacheHttpClient.sendEvent(516) - responseCode = 200
2019-10-08 12:22:56 INFO  ApacheHttpClient.sendEvent(516) - responseCode = 200
2019-10-08 12:22:56 INFO  ApacheHttpClient.sendEvent(516) - responseCode = 200
2019-10-08 12:22:56 INFO  ApacheHttpClient.sendEvent(516) - responseCode = 200
2019-10-08 12:22:56 INFO  ApacheHttpClient.sendEvent(516) - responseCode = 200
2019-10-08 12:23:56 INFO  ApacheHttpClient.sendEvent(516) - responseCode = 200
2019-10-08 12:23:56 INFO  ApacheHttpClient.sendEvent(516) - responseCode = 200
2019-10-08 12:23:56 INFO  ApacheHttpClient.sendEvent(516) - responseCode = 200
2019-10-08 12:23:56 INFO  ApacheHttpClient.sendEvent(516) - responseCode = 200
2019-10-08 12:24:56 INFO  ApacheHttpClient.sendEvent(516) - responseCode = 200
2019-10-08 12:24:56 INFO  ApacheHttpClient.sendEvent(516) - responseCode = 200
2019-10-08 12:24:56 INFO  ApacheHttpClient.sendEvent(516) - responseCode = 200
2019-10-08 12:24:56 INFO  ApacheHttpClient.sendEvent(516) - responseCode = 200
2019-10-08 12:25:56 INFO  ApacheHttpClient.sendEvent(516) - responseCode = 200
2019-10-08 12:25:56 INFO  ApacheHttpClient.sendEvent(516) - responseCode = 200
2019-10-08 12:25:56 INFO  ApacheHttpClient.sendEvent(516) - responseCode = 200
2019-10-08 12:25:56 INFO  ApacheHttpClient.sendEvent(516) - responseCode = 200
2019-10-08 12:26:56 INFO  ApacheHttpClient.sendEvent(516) - responseCode = 200
2019-10-08 12:26:56 INFO  ApacheHttpClient.sendEvent(516) - responseCode = 200
2019-10-08 12:26:56 INFO  ApacheHttpClient.sendEvent(516) - responseCode = 200
2019-10-08 12:26:56 INFO  ApacheHttpClient.sendEvent(516) - responseCode = 200
2019-10-08 12:27:56 INFO  ApacheHttpClient.sendEvent(516) - responseCode = 200
2019-10-08 12:27:56 INFO  ApacheHttpClient.sendEvent(516) - responseCode = 200
2019-10-08 12:27:56 INFO  ApacheHttpClient.sendEvent(516) - responseCode = 200
2019-10-08 12:27:56 INFO  ApacheHttpClient.sendEvent(516) - responseCode = 200
2019-10-08 12:28:56 INFO  ApacheHttpClient.sendEvent(516) - responseCode = 200
2019-10-08 12:28:56 INFO  ApacheHttpClient.sendEvent(516) - responseCode = 200
2019-10-08 12:28:56 INFO  ApacheHttpClient.sendEvent(516) - responseCode = 200
2019-10-08 12:28:56 INFO  ApacheHttpClient.sendEvent(516) - responseCode = 200
2019-10-08 12:29:56 INFO  ApacheHttpClient.sendEvent(516) - responseCode = 200
2019-10-08 12:29:56 INFO  ApacheHttpClient.sendEvent(516) - responseCode = 200
2019-10-08 12:29:56 INFO  ApacheHttpClient.sendEvent(516) - responseCode = 200
2019-10-08 12:29:56 INFO  ApacheHttpClient.sendEvent(516) - responseCode = 200
2019-10-08 12:30:56 INFO  ApacheHttpClient.sendEvent(516) - responseCode = 200
2019-10-08 12:30:56 INFO  ApacheHttpClient.sendEvent(516) - responseCode = 200
2019-10-08 12:30:56 INFO  ApacheHttpClient.sendEvent(516) - responseCode = 200
2019-10-08 12:30:56 INFO  ApacheHttpClient.sendEvent(516) - responseCode = 200
2019-10-08 12:31:56 INFO  ApacheHttpClient.sendEvent(516) - responseCode = 200
2019-10-08 12:31:56 INFO  ApacheHttpClient.sendEvent(516) - responseCode = 200
2019-10-08 12:31:56 INFO  ApacheHttpClient.sendEvent(516) - responseCode = 200
2019-10-08 12:31:56 INFO  ApacheHttpClient.sendEvent(516) - responseCode = 200
2019-10-08 12:32:56 INFO  ApacheHttpClient.sendEvent(516) - responseCode = 200
2019-10-08 12:32:56 INFO  ApacheHttpClient.sendEvent(516) - responseCode = 200
2019-10-08 12:32:56 INFO  ApacheHttpClient.sendEvent(516) - responseCode = 200
2019-10-08 12:32:56 INFO  ApacheHttpClient.sendEvent(516) - responseCode = 200
2019-10-08 12:33:56 INFO  ApacheHttpClient.sendEvent(516) - responseCode = 200
2019-10-08 12:33:56 INFO  ApacheHttpClient.sendEvent(516) - responseCode = 200
2019-10-08 12:33:56 INFO  ApacheHttpClient.sendEvent(516) - responseCode = 200
2019-10-08 12:33:56 INFO  ApacheHttpClient.sendEvent(516) - responseCode = 200
2019-10-08 12:34:56 INFO  ApacheHttpClient.sendEvent(516) - responseCode = 200
2019-10-08 12:34:56 INFO  ApacheHttpClient.sendEvent(516) - responseCode = 200
2019-10-08 12:34:56 INFO  ApacheHttpClient.sendEvent(516) - responseCode = 200
2019-10-08 12:34:56 INFO  ApacheHttpClient.sendEvent(516) - responseCode = 200
2019-10-08 12:35:56 INFO  ApacheHttpClient.sendEvent(516) - responseCode = 200
2019-10-08 12:35:56 INFO  ApacheHttpClient.sendEvent(516) - responseCode = 200
2019-10-08 12:35:56 INFO  ApacheHttpClient.sendEvent(516) - responseCode = 200
2019-10-08 12:35:56 INFO  ApacheHttpClient.sendEvent(516) - responseCode = 200
2019-10-08 12:36:56 INFO  ApacheHttpClient.sendEvent(516) - responseCode = 200
2019-10-08 12:36:56 INFO  ApacheHttpClient.sendEvent(516) - responseCode = 200
2019-10-08 12:36:56 INFO  ApacheHttpClient.sendEvent(516) - responseCode = 200
2019-10-08 12:36:56 INFO  ApacheHttpClient.sendEvent(516) - responseCode = 200
2019-10-08 12:37:56 INFO  ApacheHttpClient.sendEvent(516) - responseCode = 200
2019-10-08 12:37:56 INFO  ApacheHttpClient.sendEvent(516) - responseCode = 200
2019-10-08 12:37:56 INFO  ApacheHttpClient.sendEvent(516) - responseCode = 200
2019-10-08 12:37:56 INFO  ApacheHttpClient.sendEvent(516) - responseCode = 200
2019-10-08 12:38:56 INFO  ApacheHttpClient.sendEvent(516) - responseCode = 200
2019-10-08 12:38:56 INFO  ApacheHttpClient.sendEvent(516) - responseCode = 200
2019-10-08 12:38:56 INFO  ApacheHttpClient.sendEvent(516) - responseCode = 200
2019-10-08 12:38:56 INFO  ApacheHttpClient.sendEvent(516) - responseCode = 200
2019-10-08 12:39:56 INFO  ApacheHttpClient.sendEvent(516) - responseCode = 200
2019-10-08 12:39:56 INFO  ApacheHttpClient.sendEvent(516) - responseCode = 200
2019-10-08 12:39:56 INFO  ApacheHttpClient.sendEvent(516) - responseCode = 200
2019-10-08 12:39:56 INFO  ApacheHttpClient.sendEvent(516) - responseCode = 200
2019-10-08 12:40:56 INFO  ApacheHttpClient.sendEvent(516) - responseCode = 200
2019-10-08 12:40:56 INFO  ApacheHttpClient.sendEvent(516) - responseCode = 200
2019-10-08 12:40:56 INFO  ApacheHttpClient.sendEvent(516) - responseCode = 200
2019-10-08 12:40:56 INFO  ApacheHttpClient.sendEvent(516) - responseCode = 200
2019-10-08 12:41:56 INFO  ApacheHttpClient.sendEvent(516) - responseCode = 200
2019-10-08 12:41:56 INFO  ApacheHttpClient.sendEvent(516) - responseCode = 200
2019-10-08 12:41:56 INFO  ApacheHttpClient.sendEvent(516) - responseCode = 200
2019-10-08 12:41:56 INFO  ApacheHttpClient.sendEvent(516) - responseCode = 200
2019-10-08 12:42:56 INFO  ApacheHttpClient.sendEvent(516) - responseCode = 200
2019-10-08 12:42:56 INFO  ApacheHttpClient.sendEvent(516) - responseCode = 200
2019-10-08 12:42:56 INFO  ApacheHttpClient.sendEvent(516) - responseCode = 200
2019-10-08 12:42:56 INFO  ApacheHttpClient.sendEvent(516) - responseCode = 200
2019-10-08 12:43:56 INFO  ApacheHttpClient.sendEvent(516) - responseCode = 200
2019-10-08 12:43:56 INFO  ApacheHttpClient.sendEvent(516) - responseCode = 200
2019-10-08 12:43:56 INFO  ApacheHttpClient.sendEvent(516) - responseCode = 200
2019-10-08 12:43:56 INFO  ApacheHttpClient.sendEvent(516) - responseCode = 200
2019-10-08 12:44:56 INFO  ApacheHttpClient.sendEvent(516) - responseCode = 200
2019-10-08 12:44:56 INFO  ApacheHttpClient.sendEvent(516) - responseCode = 200
2019-10-08 12:44:56 INFO  ApacheHttpClient.sendEvent(516) - responseCode = 200
2019-10-08 12:44:56 INFO  ApacheHttpClient.sendEvent(516) - responseCode = 200
2019-10-08 12:45:56 INFO  ApacheHttpClient.sendEvent(516) - responseCode = 200
2019-10-08 12:45:56 INFO  ApacheHttpClient.sendEvent(516) - responseCode = 200
2019-10-08 12:45:56 INFO  ApacheHttpClient.sendEvent(516) - responseCode = 200
2019-10-08 12:45:56 INFO  ApacheHttpClient.sendEvent(516) - responseCode = 200
2019-10-08 12:46:56 INFO  ApacheHttpClient.sendEvent(516) - responseCode = 200
2019-10-08 12:46:56 INFO  ApacheHttpClient.sendEvent(516) - responseCode = 200
2019-10-08 12:46:56 INFO  ApacheHttpClient.sendEvent(516) - responseCode = 200
2019-10-08 12:46:56 INFO  ApacheHttpClient.sendEvent(516) - responseCode = 200
2019-10-08 12:47:56 INFO  ApacheHttpClient.sendEvent(516) - responseCode = 200
2019-10-08 12:47:56 INFO  ApacheHttpClient.sendEvent(516) - responseCode = 200
2019-10-08 12:47:56 INFO  ApacheHttpClient.sendEvent(516) - responseCode = 200
2019-10-08 12:47:56 INFO  ApacheHttpClient.sendEvent(516) - responseCode = 200
2019-10-08 12:48:56 INFO  ApacheHttpClient.sendEvent(516) - responseCode = 200
2019-10-08 12:48:56 INFO  ApacheHttpClient.sendEvent(516) - responseCode = 200
2019-10-08 12:48:56 INFO  ApacheHttpClient.sendEvent(516) - responseCode = 200
2019-10-08 12:48:56 INFO  ApacheHttpClient.sendEvent(516) - responseCode = 200
2019-10-08 12:49:56 INFO  ApacheHttpClient.sendEvent(516) - responseCode = 200
2019-10-08 12:49:56 INFO  ApacheHttpClient.sendEvent(516) - responseCode = 200
2019-10-08 12:49:56 INFO  ApacheHttpClient.sendEvent(516) - responseCode = 200
2019-10-08 12:49:56 INFO  ApacheHttpClient.sendEvent(516) - responseCode = 200
2019-10-08 12:50:56 INFO  ApacheHttpClient.sendEvent(516) - responseCode = 200
2019-10-08 12:50:56 INFO  ApacheHttpClient.sendEvent(516) - responseCode = 200
2019-10-08 12:50:56 INFO  ApacheHttpClient.sendEvent(516) - responseCode = 200
2019-10-08 12:50:56 INFO  ApacheHttpClient.sendEvent(516) - responseCode = 200
2019-10-08 12:51:56 INFO  ApacheHttpClient.sendEvent(516) - responseCode = 200
2019-10-08 12:51:56 INFO  ApacheHttpClient.sendEvent(516) - responseCode = 200
2019-10-08 12:51:56 INFO  ApacheHttpClient.sendEvent(516) - responseCode = 200
2019-10-08 12:51:56 INFO  ApacheHttpClient.sendEvent(516) - responseCode = 200
2019-10-08 12:52:56 INFO  ApacheHttpClient.sendEvent(516) - responseCode = 200
2019-10-08 12:52:56 INFO  ApacheHttpClient.sendEvent(516) - responseCode = 200
2019-10-08 12:52:56 INFO  ApacheHttpClient.sendEvent(516) - responseCode = 200
2019-10-08 12:52:56 INFO  ApacheHttpClient.sendEvent(516) - responseCode = 200
2019-10-08 12:53:56 INFO  ApacheHttpClient.sendEvent(516) - responseCode = 200
2019-10-08 12:53:56 INFO  ApacheHttpClient.sendEvent(516) - responseCode = 200
2019-10-08 12:53:56 INFO  ApacheHttpClient.sendEvent(516) - responseCode = 200
2019-10-08 12:53:56 INFO  ApacheHttpClient.sendEvent(516) - responseCode = 200
2019-10-08 12:54:56 INFO  ApacheHttpClient.sendEvent(516) - responseCode = 200
2019-10-08 12:54:56 INFO  ApacheHttpClient.sendEvent(516) - responseCode = 200
2019-10-08 12:54:56 INFO  ApacheHttpClient.sendEvent(516) - responseCode = 200
2019-10-08 12:54:56 INFO  ApacheHttpClient.sendEvent(516) - responseCode = 200
2019-10-08 12:55:56 INFO  ApacheHttpClient.sendEvent(516) - responseCode = 200
2019-10-08 12:55:56 INFO  ApacheHttpClient.sendEvent(516) - responseCode = 200
2019-10-08 12:55:56 INFO  ApacheHttpClient.sendEvent(516) - responseCode = 200
2019-10-08 12:55:56 INFO  ApacheHttpClient.sendEvent(516) - responseCode = 200
2019-10-08 12:56:56 INFO  ApacheHttpClient.sendEvent(516) - responseCode = 200
2019-10-08 12:56:56 INFO  ApacheHttpClient.sendEvent(516) - responseCode = 200
2019-10-08 12:56:56 INFO  ApacheHttpClient.sendEvent(516) - responseCode = 200
2019-10-08 12:56:56 INFO  ApacheHttpClient.sendEvent(516) - responseCode = 200
2019-10-08 12:57:56 INFO  ApacheHttpClient.sendEvent(516) - responseCode = 200
2019-10-08 12:57:56 INFO  ApacheHttpClient.sendEvent(516) - responseCode = 200
2019-10-08 12:57:56 INFO  ApacheHttpClient.sendEvent(516) - responseCode = 200
2019-10-08 12:57:56 INFO  ApacheHttpClient.sendEvent(516) - responseCode = 200
2019-10-08 12:58:56 INFO  ApacheHttpClient.sendEvent(516) - responseCode = 200
2019-10-08 12:58:56 INFO  ApacheHttpClient.sendEvent(516) - responseCode = 200
2019-10-08 12:58:56 INFO  ApacheHttpClient.sendEvent(516) - responseCode = 200
2019-10-08 12:58:56 INFO  ApacheHttpClient.sendEvent(516) - responseCode = 200
2019-10-08 12:59:56 INFO  ApacheHttpClient.sendEvent(516) - responseCode = 200
2019-10-08 12:59:56 INFO  ApacheHttpClient.sendEvent(516) - responseCode = 200
2019-10-08 12:59:56 INFO  ApacheHttpClient.sendEvent(516) - responseCode = 200
2019-10-08 12:59:56 INFO  ApacheHttpClient.sendEvent(516) - responseCode = 200
2019-10-08 13:00:56 INFO  ApacheHttpClient.sendEvent(516) - responseCode = 200
2019-10-08 13:00:56 INFO  ApacheHttpClient.sendEvent(516) - responseCode = 200
2019-10-08 13:00:56 INFO  ApacheHttpClient.sendEvent(516) - responseCode = 200
2019-10-08 13:00:56 INFO  ApacheHttpClient.sendEvent(516) - responseCode = 200
2019-10-08 13:01:56 INFO  ApacheHttpClient.sendEvent(516) - responseCode = 200
2019-10-08 13:01:56 INFO  ApacheHttpClient.sendEvent(516) - responseCode = 200
2019-10-08 13:01:56 INFO  ApacheHttpClient.sendEvent(516) - responseCode = 200
2019-10-08 13:01:56 INFO  ApacheHttpClient.sendEvent(516) - responseCode = 200
2019-10-08 13:02:56 INFO  ApacheHttpClient.sendEvent(516) - responseCode = 200
2019-10-08 13:02:56 INFO  ApacheHttpClient.sendEvent(516) - responseCode = 200
2019-10-08 13:02:56 INFO  ApacheHttpClient.sendEvent(516) - responseCode = 200
2019-10-08 13:02:56 INFO  ApacheHttpClient.sendEvent(516) - responseCode = 200
2019-10-08 13:03:56 INFO  ApacheHttpClient.sendEvent(516) - responseCode = 200
2019-10-08 13:03:56 INFO  ApacheHttpClient.sendEvent(516) - responseCode = 200
2019-10-08 13:03:56 INFO  ApacheHttpClient.sendEvent(516) - responseCode = 200
2019-10-08 13:03:56 INFO  ApacheHttpClient.sendEvent(516) - responseCode = 200
2019-10-08 13:04:56 INFO  ApacheHttpClient.sendEvent(516) - responseCode = 200
2019-10-08 13:04:56 INFO  ApacheHttpClient.sendEvent(516) - responseCode = 200
2019-10-08 13:04:56 INFO  ApacheHttpClient.sendEvent(516) - responseCode = 200
2019-10-08 13:04:56 INFO  ApacheHttpClient.sendEvent(516) - responseCode = 200
2019-10-08 13:05:56 INFO  ApacheHttpClient.sendEvent(516) - responseCode = 200
2019-10-08 13:05:56 INFO  ApacheHttpClient.sendEvent(516) - responseCode = 200
2019-10-08 13:05:56 INFO  ApacheHttpClient.sendEvent(516) - responseCode = 200
2019-10-08 13:05:56 INFO  ApacheHttpClient.sendEvent(516) - responseCode = 200
2019-10-08 13:06:56 INFO  ApacheHttpClient.sendEvent(516) - responseCode = 200
2019-10-08 13:06:56 INFO  ApacheHttpClient.sendEvent(516) - responseCode = 200
2019-10-08 13:06:56 INFO  ApacheHttpClient.sendEvent(516) - responseCode = 200
2019-10-08 13:06:56 INFO  ApacheHttpClient.sendEvent(516) - responseCode = 200
2019-10-08 13:07:56 INFO  ApacheHttpClient.sendEvent(516) - responseCode = 200
2019-10-08 13:07:56 INFO  ApacheHttpClient.sendEvent(516) - responseCode = 200
2019-10-08 13:07:56 INFO  ApacheHttpClient.sendEvent(516) - responseCode = 200
2019-10-08 13:07:56 INFO  ApacheHttpClient.sendEvent(516) - responseCode = 200
2019-10-08 13:08:56 INFO  ApacheHttpClient.sendEvent(516) - responseCode = 200
2019-10-08 13:08:56 INFO  ApacheHttpClient.sendEvent(516) - responseCode = 200
2019-10-08 13:08:56 INFO  ApacheHttpClient.sendEvent(516) - responseCode = 200
2019-10-08 13:08:56 INFO  ApacheHttpClient.sendEvent(516) - responseCode = 200
2019-10-08 13:09:56 INFO  ApacheHttpClient.sendEvent(516) - responseCode = 200
2019-10-08 13:09:56 INFO  ApacheHttpClient.sendEvent(516) - responseCode = 200
2019-10-08 13:09:56 INFO  ApacheHttpClient.sendEvent(516) - responseCode = 200
2019-10-08 13:09:56 INFO  ApacheHttpClient.sendEvent(516) - responseCode = 200
2019-10-08 13:10:56 INFO  ApacheHttpClient.sendEvent(516) - responseCode = 200
2019-10-08 13:10:56 INFO  ApacheHttpClient.sendEvent(516) - responseCode = 200
2019-10-08 13:10:56 INFO  ApacheHttpClient.sendEvent(516) - responseCode = 200
2019-10-08 13:10:56 INFO  ApacheHttpClient.sendEvent(516) - responseCode = 200
2019-10-08 13:11:56 INFO  ApacheHttpClient.sendEvent(516) - responseCode = 200
2019-10-08 13:11:56 INFO  ApacheHttpClient.sendEvent(516) - responseCode = 200
2019-10-08 13:11:56 INFO  ApacheHttpClient.sendEvent(516) - responseCode = 200
2019-10-08 13:11:56 INFO  ApacheHttpClient.sendEvent(516) - responseCode = 200
2019-10-08 13:12:56 INFO  ApacheHttpClient.sendEvent(516) - responseCode = 200
2019-10-08 13:12:56 INFO  ApacheHttpClient.sendEvent(516) - responseCode = 200
2019-10-08 13:12:56 INFO  ApacheHttpClient.sendEvent(516) - responseCode = 200
2019-10-08 13:12:56 INFO  ApacheHttpClient.sendEvent(516) - responseCode = 200
2019-10-08 13:13:56 INFO  ApacheHttpClient.sendEvent(516) - responseCode = 200
2019-10-08 13:13:56 INFO  ApacheHttpClient.sendEvent(516) - responseCode = 200
2019-10-08 13:13:56 INFO  ApacheHttpClient.sendEvent(516) - responseCode = 200
2019-10-08 13:13:56 INFO  ApacheHttpClient.sendEvent(516) - responseCode = 200
2019-10-08 13:14:56 INFO  ApacheHttpClient.sendEvent(516) - responseCode = 200
2019-10-08 13:14:56 INFO  ApacheHttpClient.sendEvent(516) - responseCode = 200
2019-10-08 13:14:56 INFO  ApacheHttpClient.sendEvent(516) - responseCode = 200
2019-10-08 13:14:56 INFO  ApacheHttpClient.sendEvent(516) - responseCode = 200
2019-10-08 13:15:56 INFO  ApacheHttpClient.sendEvent(516) - responseCode = 200
2019-10-08 13:15:56 INFO  ApacheHttpClient.sendEvent(516) - responseCode = 200
2019-10-08 13:15:56 INFO  ApacheHttpClient.sendEvent(516) - responseCode = 200
2019-10-08 13:15:56 INFO  ApacheHttpClient.sendEvent(516) - responseCode = 200
2019-10-08 13:16:56 INFO  ApacheHttpClient.sendEvent(516) - responseCode = 200
2019-10-08 13:16:56 INFO  ApacheHttpClient.sendEvent(516) - responseCode = 200
2019-10-08 13:16:56 INFO  ApacheHttpClient.sendEvent(516) - responseCode = 200
2019-10-08 13:16:56 INFO  ApacheHttpClient.sendEvent(516) - responseCode = 200
2019-10-08 13:17:56 INFO  ApacheHttpClient.sendEvent(516) - responseCode = 200
2019-10-08 13:17:56 INFO  ApacheHttpClient.sendEvent(516) - responseCode = 200
2019-10-08 13:17:56 INFO  ApacheHttpClient.sendEvent(516) - responseCode = 200
2019-10-08 13:17:56 INFO  ApacheHttpClient.sendEvent(516) - responseCode = 200
2019-10-08 13:18:56 INFO  ApacheHttpClient.sendEvent(516) - responseCode = 200
2019-10-08 13:18:56 INFO  ApacheHttpClient.sendEvent(516) - responseCode = 200
2019-10-08 13:18:56 INFO  ApacheHttpClient.sendEvent(516) - responseCode = 200
2019-10-08 13:18:56 INFO  ApacheHttpClient.sendEvent(516) - responseCode = 200
2019-10-08 13:19:56 INFO  ApacheHttpClient.sendEvent(516) - responseCode = 200
2019-10-08 13:19:57 INFO  ApacheHttpClient.sendEvent(516) - responseCode = 200
2019-10-08 13:19:57 INFO  ApacheHttpClient.sendEvent(516) - responseCode = 200
2019-10-08 13:19:57 INFO  ApacheHttpClient.sendEvent(516) - responseCode = 200
2019-10-08 13:20:56 INFO  ApacheHttpClient.sendEvent(516) - responseCode = 200
2019-10-08 13:20:56 INFO  ApacheHttpClient.sendEvent(516) - responseCode = 200
2019-10-08 13:20:56 INFO  ApacheHttpClient.sendEvent(516) - responseCode = 200
2019-10-08 13:20:56 INFO  ApacheHttpClient.sendEvent(516) - responseCode = 200
2019-10-08 13:21:56 INFO  ApacheHttpClient.sendEvent(516) - responseCode = 200
2019-10-08 13:21:56 INFO  ApacheHttpClient.sendEvent(516) - responseCode = 200
2019-10-08 13:21:56 INFO  ApacheHttpClient.sendEvent(516) - responseCode = 200
2019-10-08 13:21:56 INFO  ApacheHttpClient.sendEvent(516) - responseCode = 200
2019-10-08 13:22:56 INFO  ApacheHttpClient.sendEvent(516) - responseCode = 200
2019-10-08 13:22:56 INFO  ApacheHttpClient.sendEvent(516) - responseCode = 200
2019-10-08 13:22:56 INFO  ApacheHttpClient.sendEvent(516) - responseCode = 200
2019-10-08 13:22:56 INFO  ApacheHttpClient.sendEvent(516) - responseCode = 200
2019-10-08 13:23:56 INFO  ApacheHttpClient.sendEvent(516) - responseCode = 200
2019-10-08 13:23:56 INFO  ApacheHttpClient.sendEvent(516) - responseCode = 200
2019-10-08 13:23:56 INFO  ApacheHttpClient.sendEvent(516) - responseCode = 200
2019-10-08 13:23:56 INFO  ApacheHttpClient.sendEvent(516) - responseCode = 200
2019-10-08 13:24:56 INFO  ApacheHttpClient.sendEvent(516) - responseCode = 200
2019-10-08 13:24:56 INFO  ApacheHttpClient.sendEvent(516) - responseCode = 200
2019-10-08 13:24:56 INFO  ApacheHttpClient.sendEvent(516) - responseCode = 200
2019-10-08 13:24:56 INFO  ApacheHttpClient.sendEvent(516) - responseCode = 200
2019-10-08 13:25:56 INFO  ApacheHttpClient.sendEvent(516) - responseCode = 200
2019-10-08 13:25:56 INFO  ApacheHttpClient.sendEvent(516) - responseCode = 200
2019-10-08 13:25:56 INFO  ApacheHttpClient.sendEvent(516) - responseCode = 200
2019-10-08 13:25:56 INFO  ApacheHttpClient.sendEvent(516) - responseCode = 200
2019-10-08 13:26:56 INFO  ApacheHttpClient.sendEvent(516) - responseCode = 200
2019-10-08 13:26:56 INFO  ApacheHttpClient.sendEvent(516) - responseCode = 200
2019-10-08 13:26:56 INFO  ApacheHttpClient.sendEvent(516) - responseCode = 200
2019-10-08 13:26:56 INFO  ApacheHttpClient.sendEvent(516) - responseCode = 200
2019-10-08 13:27:56 INFO  ApacheHttpClient.sendEvent(516) - responseCode = 200
2019-10-08 13:27:56 INFO  ApacheHttpClient.sendEvent(516) - responseCode = 200
2019-10-08 13:27:56 INFO  ApacheHttpClient.sendEvent(516) - responseCode = 200
2019-10-08 13:27:56 INFO  ApacheHttpClient.sendEvent(516) - responseCode = 200
2019-10-08 13:28:56 INFO  ApacheHttpClient.sendEvent(516) - responseCode = 200
2019-10-08 13:28:56 INFO  ApacheHttpClient.sendEvent(516) - responseCode = 200
2019-10-08 13:28:56 INFO  ApacheHttpClient.sendEvent(516) - responseCode = 200
2019-10-08 13:28:56 INFO  ApacheHttpClient.sendEvent(516) - responseCode = 200
2019-10-08 13:29:56 INFO  ApacheHttpClient.sendEvent(516) - responseCode = 200
2019-10-08 13:29:56 INFO  ApacheHttpClient.sendEvent(516) - responseCode = 200
2019-10-08 13:29:56 INFO  ApacheHttpClient.sendEvent(516) - responseCode = 200
2019-10-08 13:29:56 INFO  ApacheHttpClient.sendEvent(516) - responseCode = 200
2019-10-08 13:30:56 INFO  ApacheHttpClient.sendEvent(516) - responseCode = 200
2019-10-08 13:30:56 INFO  ApacheHttpClient.sendEvent(516) - responseCode = 200
2019-10-08 13:30:56 INFO  ApacheHttpClient.sendEvent(516) - responseCode = 200
2019-10-08 13:30:56 INFO  ApacheHttpClient.sendEvent(516) - responseCode = 200
2019-10-08 13:31:56 INFO  ApacheHttpClient.sendEvent(516) - responseCode = 200
2019-10-08 13:31:56 INFO  ApacheHttpClient.sendEvent(516) - responseCode = 200
2019-10-08 13:31:56 INFO  ApacheHttpClient.sendEvent(516) - responseCode = 200
2019-10-08 13:31:56 INFO  ApacheHttpClient.sendEvent(516) - responseCode = 200
2019-10-08 13:32:56 INFO  ApacheHttpClient.sendEvent(516) - responseCode = 200
2019-10-08 13:32:56 INFO  ApacheHttpClient.sendEvent(516) - responseCode = 200
2019-10-08 13:32:56 INFO  ApacheHttpClient.sendEvent(516) - responseCode = 200
2019-10-08 13:32:56 INFO  ApacheHttpClient.sendEvent(516) - responseCode = 200
2019-10-08 13:33:56 INFO  ApacheHttpClient.sendEvent(516) - responseCode = 200
2019-10-08 13:33:56 INFO  ApacheHttpClient.sendEvent(516) - responseCode = 200
2019-10-08 13:33:56 INFO  ApacheHttpClient.sendEvent(516) - responseCode = 200
2019-10-08 13:33:56 INFO  ApacheHttpClient.sendEvent(516) - responseCode = 200
2019-10-08 13:34:56 INFO  ApacheHttpClient.sendEvent(516) - responseCode = 200
2019-10-08 13:34:56 INFO  ApacheHttpClient.sendEvent(516) - responseCode = 200
2019-10-08 13:34:56 INFO  ApacheHttpClient.sendEvent(516) - responseCode = 200
2019-10-08 13:34:56 INFO  ApacheHttpClient.sendEvent(516) - responseCode = 200
2019-10-08 13:35:56 INFO  ApacheHttpClient.sendEvent(516) - responseCode = 200
2019-10-08 13:35:56 INFO  ApacheHttpClient.sendEvent(516) - responseCode = 200
2019-10-08 13:35:56 INFO  ApacheHttpClient.sendEvent(516) - responseCode = 200
2019-10-08 13:35:56 INFO  ApacheHttpClient.sendEvent(516) - responseCode = 200
2019-10-08 13:36:56 INFO  ApacheHttpClient.sendEvent(516) - responseCode = 200
2019-10-08 13:36:56 INFO  ApacheHttpClient.sendEvent(516) - responseCode = 200
2019-10-08 13:36:56 INFO  ApacheHttpClient.sendEvent(516) - responseCode = 200
2019-10-08 13:36:56 INFO  ApacheHttpClient.sendEvent(516) - responseCode = 200
2019-10-08 13:37:56 INFO  ApacheHttpClient.sendEvent(516) - responseCode = 200
2019-10-08 13:37:56 INFO  ApacheHttpClient.sendEvent(516) - responseCode = 200
2019-10-08 13:37:56 INFO  ApacheHttpClient.sendEvent(516) - responseCode = 200
2019-10-08 13:37:56 INFO  ApacheHttpClient.sendEvent(516) - responseCode = 200
2019-10-08 13:38:56 INFO  ApacheHttpClient.sendEvent(516) - responseCode = 200
2019-10-08 13:38:56 INFO  ApacheHttpClient.sendEvent(516) - responseCode = 200
2019-10-08 13:38:56 INFO  ApacheHttpClient.sendEvent(516) - responseCode = 200
2019-10-08 13:38:56 INFO  ApacheHttpClient.sendEvent(516) - responseCode = 200
2019-10-08 13:39:56 INFO  ApacheHttpClient.sendEvent(516) - responseCode = 200
2019-10-08 13:39:56 INFO  ApacheHttpClient.sendEvent(516) - responseCode = 200
2019-10-08 13:39:56 INFO  ApacheHttpClient.sendEvent(516) - responseCode = 200
2019-10-08 13:39:56 INFO  ApacheHttpClient.sendEvent(516) - responseCode = 200
2019-10-08 13:40:56 INFO  ApacheHttpClient.sendEvent(516) - responseCode = 200
2019-10-08 13:40:56 INFO  ApacheHttpClient.sendEvent(516) - responseCode = 200
2019-10-08 13:40:56 INFO  ApacheHttpClient.sendEvent(516) - responseCode = 200
2019-10-08 13:40:56 INFO  ApacheHttpClient.sendEvent(516) - responseCode = 200
2019-10-08 13:41:56 INFO  ApacheHttpClient.sendEvent(516) - responseCode = 200
2019-10-08 13:41:56 INFO  ApacheHttpClient.sendEvent(516) - responseCode = 200
2019-10-08 13:41:56 INFO  ApacheHttpClient.sendEvent(516) - responseCode = 200
2019-10-08 13:41:56 INFO  ApacheHttpClient.sendEvent(516) - responseCode = 200
2019-10-08 13:42:56 INFO  ApacheHttpClient.sendEvent(516) - responseCode = 200
2019-10-08 13:42:56 INFO  ApacheHttpClient.sendEvent(516) - responseCode = 200
2019-10-08 13:42:56 INFO  ApacheHttpClient.sendEvent(516) - responseCode = 200
2019-10-08 13:42:56 INFO  ApacheHttpClient.sendEvent(516) - responseCode = 200
2019-10-08 13:43:56 INFO  ApacheHttpClient.sendEvent(516) - responseCode = 200
2019-10-08 13:43:56 INFO  ApacheHttpClient.sendEvent(516) - responseCode = 200
2019-10-08 13:43:56 INFO  ApacheHttpClient.sendEvent(516) - responseCode = 200
2019-10-08 13:43:56 INFO  ApacheHttpClient.sendEvent(516) - responseCode = 200
2019-10-08 13:44:56 INFO  ApacheHttpClient.sendEvent(516) - responseCode = 200
2019-10-08 13:44:56 INFO  ApacheHttpClient.sendEvent(516) - responseCode = 200
2019-10-08 13:44:56 INFO  ApacheHttpClient.sendEvent(516) - responseCode = 200
2019-10-08 13:44:56 INFO  ApacheHttpClient.sendEvent(516) - responseCode = 200
2019-10-08 13:45:56 INFO  ApacheHttpClient.sendEvent(516) - responseCode = 200
2019-10-08 13:45:56 INFO  ApacheHttpClient.sendEvent(516) - responseCode = 200
2019-10-08 13:45:56 INFO  ApacheHttpClient.sendEvent(516) - responseCode = 200
2019-10-08 13:45:56 INFO  ApacheHttpClient.sendEvent(516) - responseCode = 200
2019-10-08 13:46:56 INFO  ApacheHttpClient.sendEvent(516) - responseCode = 200
2019-10-08 13:46:56 INFO  ApacheHttpClient.sendEvent(516) - responseCode = 200
2019-10-08 13:46:56 INFO  ApacheHttpClient.sendEvent(516) - responseCode = 200
2019-10-08 13:46:56 INFO  ApacheHttpClient.sendEvent(516) - responseCode = 200
2019-10-08 13:47:56 INFO  ApacheHttpClient.sendEvent(516) - responseCode = 200
2019-10-08 13:47:56 INFO  ApacheHttpClient.sendEvent(516) - responseCode = 200
2019-10-08 13:47:56 INFO  ApacheHttpClient.sendEvent(516) - responseCode = 200
2019-10-08 13:47:56 INFO  ApacheHttpClient.sendEvent(516) - responseCode = 200
2019-10-08 13:48:56 INFO  ApacheHttpClient.sendEvent(516) - responseCode = 200
2019-10-08 13:48:56 INFO  ApacheHttpClient.sendEvent(516) - responseCode = 200
2019-10-08 13:48:56 INFO  ApacheHttpClient.sendEvent(516) - responseCode = 200
2019-10-08 13:48:56 INFO  ApacheHttpClient.sendEvent(516) - responseCode = 200
2019-10-08 13:49:56 INFO  ApacheHttpClient.sendEvent(516) - responseCode = 200
2019-10-08 13:49:56 INFO  ApacheHttpClient.sendEvent(516) - responseCode = 200
2019-10-08 13:49:56 INFO  ApacheHttpClient.sendEvent(516) - responseCode = 200
2019-10-08 13:49:56 INFO  ApacheHttpClient.sendEvent(516) - responseCode = 200
2019-10-08 13:50:56 INFO  ApacheHttpClient.sendEvent(516) - responseCode = 200
2019-10-08 13:50:56 INFO  ApacheHttpClient.sendEvent(516) - responseCode = 200
2019-10-08 13:50:56 INFO  ApacheHttpClient.sendEvent(516) - responseCode = 200
2019-10-08 13:50:56 INFO  ApacheHttpClient.sendEvent(516) - responseCode = 200
2019-10-08 13:51:56 INFO  ApacheHttpClient.sendEvent(516) - responseCode = 200
2019-10-08 13:51:56 INFO  ApacheHttpClient.sendEvent(516) - responseCode = 200
2019-10-08 13:51:56 INFO  ApacheHttpClient.sendEvent(516) - responseCode = 200
2019-10-08 13:51:56 INFO  ApacheHttpClient.sendEvent(516) - responseCode = 200
2019-10-08 13:52:56 INFO  ApacheHttpClient.sendEvent(516) - responseCode = 200
2019-10-08 13:52:56 INFO  ApacheHttpClient.sendEvent(516) - responseCode = 200
2019-10-08 13:52:56 INFO  ApacheHttpClient.sendEvent(516) - responseCode = 200
2019-10-08 13:52:56 INFO  ApacheHttpClient.sendEvent(516) - responseCode = 200
2019-10-08 13:53:56 INFO  ApacheHttpClient.sendEvent(516) - responseCode = 200
2019-10-08 13:53:56 INFO  ApacheHttpClient.sendEvent(516) - responseCode = 200
2019-10-08 13:53:56 INFO  ApacheHttpClient.sendEvent(516) - responseCode = 200
2019-10-08 13:53:56 INFO  ApacheHttpClient.sendEvent(516) - responseCode = 200
2019-10-08 13:54:56 INFO  ApacheHttpClient.sendEvent(516) - responseCode = 200
2019-10-08 13:54:56 INFO  ApacheHttpClient.sendEvent(516) - responseCode = 200
2019-10-08 13:54:56 INFO  ApacheHttpClient.sendEvent(516) - responseCode = 200
2019-10-08 13:54:56 INFO  ApacheHttpClient.sendEvent(516) - responseCode = 200
2019-10-08 13:55:56 INFO  ApacheHttpClient.sendEvent(516) - responseCode = 200
2019-10-08 13:55:56 INFO  ApacheHttpClient.sendEvent(516) - responseCode = 200
2019-10-08 13:55:56 INFO  ApacheHttpClient.sendEvent(516) - responseCode = 200
2019-10-08 13:55:56 INFO  ApacheHttpClient.sendEvent(516) - responseCode = 200
2019-10-08 13:56:56 INFO  ApacheHttpClient.sendEvent(516) - responseCode = 200
2019-10-08 13:56:56 INFO  ApacheHttpClient.sendEvent(516) - responseCode = 200
2019-10-08 13:56:56 INFO  ApacheHttpClient.sendEvent(516) - responseCode = 200
2019-10-08 13:56:56 INFO  ApacheHttpClient.sendEvent(516) - responseCode = 200
2019-10-08 13:57:56 INFO  ApacheHttpClient.sendEvent(516) - responseCode = 200
2019-10-08 13:57:56 INFO  ApacheHttpClient.sendEvent(516) - responseCode = 200
2019-10-08 13:57:56 INFO  ApacheHttpClient.sendEvent(516) - responseCode = 200
2019-10-08 13:57:56 INFO  ApacheHttpClient.sendEvent(516) - responseCode = 200
2019-10-08 13:58:56 INFO  ApacheHttpClient.sendEvent(516) - responseCode = 200
2019-10-08 13:58:56 INFO  ApacheHttpClient.sendEvent(516) - responseCode = 200
2019-10-08 13:58:56 INFO  ApacheHttpClient.sendEvent(516) - responseCode = 200
2019-10-08 13:58:56 INFO  ApacheHttpClient.sendEvent(516) - responseCode = 200
2019-10-08 13:59:56 INFO  ApacheHttpClient.sendEvent(516) - responseCode = 200
2019-10-08 13:59:56 INFO  ApacheHttpClient.sendEvent(516) - responseCode = 200
2019-10-08 13:59:56 INFO  ApacheHttpClient.sendEvent(516) - responseCode = 200
2019-10-08 13:59:56 INFO  ApacheHttpClient.sendEvent(516) - responseCode = 200
2019-10-08 14:00:56 INFO  ApacheHttpClient.sendEvent(516) - responseCode = 200
2019-10-08 14:00:56 INFO  ApacheHttpClient.sendEvent(516) - responseCode = 200
2019-10-08 14:00:56 INFO  ApacheHttpClient.sendEvent(516) - responseCode = 200
2019-10-08 14:00:56 INFO  ApacheHttpClient.sendEvent(516) - responseCode = 200
2019-10-08 14:01:56 INFO  ApacheHttpClient.sendEvent(516) - responseCode = 200
2019-10-08 14:01:56 INFO  ApacheHttpClient.sendEvent(516) - responseCode = 200
2019-10-08 14:01:56 INFO  ApacheHttpClient.sendEvent(516) - responseCode = 200
2019-10-08 14:01:56 INFO  ApacheHttpClient.sendEvent(516) - responseCode = 200
2019-10-08 14:02:56 INFO  ApacheHttpClient.sendEvent(516) - responseCode = 200
2019-10-08 14:02:56 INFO  ApacheHttpClient.sendEvent(516) - responseCode = 200
2019-10-08 14:02:56 INFO  ApacheHttpClient.sendEvent(516) - responseCode = 200
2019-10-08 14:03:38 INFO  ApacheHttpClient.getWebResourceAsStream(483) - responseCode = 200
2019-10-08 14:03:38 INFO  ApacheHttpClient.getFilteredTasks(322) - responseCode = 200
2019-10-08 14:03:42 INFO  ApacheHttpClient.getFilteredTasks(322) - responseCode = 200
2019-10-08 14:03:45 INFO  ApacheHttpClient.getFilteredTasks(322) - responseCode = 200
2019-10-08 14:03:47 INFO  ApacheHttpClient.getFilteredTasks(322) - responseCode = 200
2019-10-08 14:03:50 INFO  ApacheHttpClient.getFilteredTasks(322) - responseCode = 200
2019-10-08 14:04:00 INFO  ApacheHttpClient.getTaskTemplateInfo(339) - responseCode = 200
2019-10-08 14:04:02 INFO  ApacheHttpClient.getWebResourceAsStream(483) - responseCode = 200
2019-10-08 14:04:56 INFO  ApacheHttpClient.sendEvent(516) - responseCode = 200
2019-10-08 14:05:56 INFO  ApacheHttpClient.sendEvent(516) - responseCode = 200
2019-10-08 14:06:56 INFO  ApacheHttpClient.sendEvent(516) - responseCode = 200
2019-10-08 14:07:56 INFO  ApacheHttpClient.sendEvent(516) - responseCode = 200
2019-10-08 14:08:56 INFO  ApacheHttpClient.sendEvent(516) - responseCode = 200
2019-10-08 14:09:56 INFO  ApacheHttpClient.sendEvent(516) - responseCode = 200
2019-10-08 14:10:56 INFO  ApacheHttpClient.sendEvent(516) - responseCode = 200
2019-10-08 14:11:56 INFO  ApacheHttpClient.sendEvent(516) - responseCode = 200
2019-10-08 14:12:56 INFO  ApacheHttpClient.sendEvent(516) - responseCode = 200
2019-10-08 14:13:56 INFO  ApacheHttpClient.sendEvent(516) - responseCode = 200
2019-10-08 14:14:56 INFO  ApacheHttpClient.sendEvent(516) - responseCode = 200
2019-10-08 14:15:56 INFO  ApacheHttpClient.sendEvent(516) - responseCode = 200
2019-10-08 14:16:56 INFO  ApacheHttpClient.sendEvent(516) - responseCode = 200
2019-10-08 14:17:56 INFO  ApacheHttpClient.sendEvent(516) - responseCode = 200
2019-10-08 14:18:56 INFO  ApacheHttpClient.sendEvent(516) - responseCode = 200
2019-10-08 14:19:56 INFO  ApacheHttpClient.sendEvent(516) - responseCode = 200
2019-10-08 14:20:56 INFO  ApacheHttpClient.sendEvent(516) - responseCode = 200
2019-10-08 14:21:57 INFO  ApacheHttpClient.sendEvent(516) - responseCode = 200
2019-10-08 14:22:56 INFO  ApacheHttpClient.sendEvent(516) - responseCode = 200
2019-10-08 14:23:56 INFO  ApacheHttpClient.sendEvent(516) - responseCode = 200
2019-10-08 14:24:56 INFO  ApacheHttpClient.sendEvent(516) - responseCode = 200
2019-10-08 14:25:56 INFO  ApacheHttpClient.sendEvent(516) - responseCode = 200
2019-10-08 14:26:56 INFO  ApacheHttpClient.sendEvent(516) - responseCode = 200
2019-10-08 14:27:56 INFO  ApacheHttpClient.sendEvent(516) - responseCode = 200
2019-10-08 14:28:56 INFO  ApacheHttpClient.sendEvent(516) - responseCode = 200
2019-10-08 14:29:56 INFO  ApacheHttpClient.sendEvent(516) - responseCode = 200
2019-10-08 14:30:56 INFO  ApacheHttpClient.sendEvent(516) - responseCode = 200
2019-10-08 14:31:56 INFO  ApacheHttpClient.sendEvent(516) - responseCode = 200
2019-10-08 14:32:56 INFO  ApacheHttpClient.sendEvent(516) - responseCode = 200
2019-10-08 14:33:56 INFO  ApacheHttpClient.sendEvent(516) - responseCode = 200
2019-10-08 14:34:56 INFO  ApacheHttpClient.sendEvent(516) - responseCode = 200
2019-10-08 14:35:56 INFO  ApacheHttpClient.sendEvent(516) - responseCode = 200
2019-10-08 14:36:56 INFO  ApacheHttpClient.sendEvent(516) - responseCode = 200
2019-10-08 14:37:56 INFO  ApacheHttpClient.sendEvent(516) - responseCode = 200
2019-10-08 14:38:56 INFO  ApacheHttpClient.sendEvent(516) - responseCode = 200
2019-10-08 14:39:56 INFO  ApacheHttpClient.sendEvent(516) - responseCode = 200
2019-10-08 14:40:56 INFO  ApacheHttpClient.sendEvent(516) - responseCode = 200
2019-10-08 14:41:56 INFO  ApacheHttpClient.sendEvent(516) - responseCode = 200
2019-10-08 14:42:56 INFO  ApacheHttpClient.sendEvent(516) - responseCode = 200
2019-10-08 14:43:56 INFO  ApacheHttpClient.sendEvent(516) - responseCode = 200
2019-10-08 14:44:56 INFO  ApacheHttpClient.sendEvent(516) - responseCode = 200
2019-10-08 14:45:57 INFO  ApacheHttpClient.sendEvent(516) - responseCode = 200
2019-10-08 14:46:57 INFO  ApacheHttpClient.sendEvent(516) - responseCode = 200
2019-10-08 14:47:57 INFO  ApacheHttpClient.sendEvent(516) - responseCode = 200
2019-10-08 14:48:36 INFO  ApacheHttpClient.getWebResourceAsStream(483) - responseCode = 200
2019-10-08 14:48:36 INFO  ApacheHttpClient.getFilteredTasks(322) - responseCode = 200
2019-10-08 14:48:47 INFO  ApacheHttpClient.getFilteredTasks(322) - responseCode = 200
2019-10-08 14:48:49 INFO  ApacheHttpClient.getFilteredTasks(322) - responseCode = 200
2019-10-08 14:48:52 INFO  ApacheHttpClient.getFilteredTasks(322) - responseCode = 200
2019-10-08 14:49:19 INFO  ApacheHttpClient.getTaskTemplateInfo(339) - responseCode = 200
2019-10-08 14:49:19 INFO  ApacheHttpClient.getWebResourceAsStream(483) - responseCode = 200
2019-10-08 14:49:57 INFO  ApacheHttpClient.sendEvent(516) - responseCode = 200
2019-10-08 14:49:57 INFO  ApacheHttpClient.sendEvent(516) - responseCode = 200
2019-10-08 14:50:57 INFO  ApacheHttpClient.sendEvent(516) - responseCode = 200
2019-10-08 14:51:57 INFO  ApacheHttpClient.sendEvent(516) - responseCode = 200
2019-10-08 14:52:57 INFO  ApacheHttpClient.sendEvent(516) - responseCode = 200
2019-10-08 14:53:57 INFO  ApacheHttpClient.sendEvent(516) - responseCode = 200
2019-10-08 14:54:57 INFO  ApacheHttpClient.sendEvent(516) - responseCode = 200
2019-10-08 14:55:57 INFO  ApacheHttpClient.sendEvent(516) - responseCode = 200
2019-10-08 14:56:57 INFO  ApacheHttpClient.sendEvent(516) - responseCode = 200
2019-10-08 14:57:57 INFO  ApacheHttpClient.sendEvent(516) - responseCode = 200
2019-10-08 14:58:57 INFO  ApacheHttpClient.sendEvent(516) - responseCode = 200
2019-10-08 14:59:57 INFO  ApacheHttpClient.sendEvent(516) - responseCode = 200
2019-10-08 15:00:57 INFO  ApacheHttpClient.sendEvent(516) - responseCode = 200
2019-10-08 15:01:57 INFO  ApacheHttpClient.sendEvent(516) - responseCode = 200
2019-10-08 15:02:57 INFO  ApacheHttpClient.sendEvent(516) - responseCode = 200
2019-10-08 15:03:57 INFO  ApacheHttpClient.sendEvent(516) - responseCode = 200
2019-10-08 15:04:57 INFO  ApacheHttpClient.sendEvent(516) - responseCode = 200
2019-10-08 15:05:07 INFO  ApacheHttpClient.getWebResourceAsStream(483) - responseCode = 200
2019-10-08 15:05:07 INFO  ApacheHttpClient.getFilteredTasks(322) - responseCode = 200
2019-10-08 15:05:41 INFO  ApacheHttpClient.getWebResourceAsStream(483) - responseCode = 200
2019-10-08 15:05:57 INFO  ApacheHttpClient.sendEvent(516) - responseCode = 200
2019-10-08 15:06:57 INFO  ApacheHttpClient.sendEvent(516) - responseCode = 200
2019-10-08 15:07:57 INFO  ApacheHttpClient.sendEvent(516) - responseCode = 200
2019-10-08 15:08:57 INFO  ApacheHttpClient.sendEvent(516) - responseCode = 200
2019-10-08 15:09:57 INFO  ApacheHttpClient.sendEvent(516) - responseCode = 200
2019-10-08 15:10:57 INFO  ApacheHttpClient.sendEvent(516) - responseCode = 200
2019-10-08 15:11:57 INFO  ApacheHttpClient.sendEvent(516) - responseCode = 200
2019-10-08 15:12:57 INFO  ApacheHttpClient.sendEvent(516) - responseCode = 200
2019-10-08 15:13:57 INFO  ApacheHttpClient.sendEvent(516) - responseCode = 200
2019-10-08 15:14:57 INFO  ApacheHttpClient.sendEvent(516) - responseCode = 200
2019-10-08 15:15:57 INFO  ApacheHttpClient.sendEvent(516) - responseCode = 200
2019-10-08 15:16:57 INFO  ApacheHttpClient.sendEvent(516) - responseCode = 200
2019-10-08 15:17:57 INFO  ApacheHttpClient.sendEvent(516) - responseCode = 200
2019-10-08 15:18:57 INFO  ApacheHttpClient.sendEvent(516) - responseCode = 200
2019-10-08 15:19:57 INFO  ApacheHttpClient.sendEvent(516) - responseCode = 200
2019-10-08 15:20:57 INFO  ApacheHttpClient.sendEvent(516) - responseCode = 200
2019-10-08 15:21:57 INFO  ApacheHttpClient.sendEvent(516) - responseCode = 200
2019-10-08 15:22:57 INFO  ApacheHttpClient.sendEvent(516) - responseCode = 200
2019-10-08 15:23:57 INFO  ApacheHttpClient.sendEvent(516) - responseCode = 200
2019-10-08 15:24:57 INFO  ApacheHttpClient.sendEvent(516) - responseCode = 200
2019-10-08 15:25:57 INFO  ApacheHttpClient.sendEvent(516) - responseCode = 200
2019-10-08 15:26:57 INFO  ApacheHttpClient.sendEvent(516) - responseCode = 200
2019-10-08 15:27:57 INFO  ApacheHttpClient.sendEvent(516) - responseCode = 200
2019-10-08 15:28:57 INFO  ApacheHttpClient.sendEvent(516) - responseCode = 200
2019-10-08 15:29:40 INFO  ApacheHttpClient.getWebResourceAsStream(483) - responseCode = 200
2019-10-08 15:29:40 INFO  ApacheHttpClient.getTask(469) - responseCode = 200
2019-10-08 15:29:41 INFO  ApacheHttpClient.completed(28) - responseCode = 200
2019-10-08 15:29:41 INFO  ApacheHttpClient.getWebResourceAsStream(483) - responseCode = 200
2019-10-08 15:29:57 INFO  ApacheHttpClient.sendEvent(516) - responseCode = 200
2019-10-08 15:30:57 INFO  ApacheHttpClient.sendEvent(516) - responseCode = 200
2019-10-08 15:31:57 INFO  ApacheHttpClient.sendEvent(516) - responseCode = 200
2019-10-08 15:32:57 INFO  ApacheHttpClient.sendEvent(516) - responseCode = 200
2019-10-08 15:33:57 INFO  ApacheHttpClient.sendEvent(516) - responseCode = 200
2019-10-08 15:34:57 INFO  ApacheHttpClient.sendEvent(516) - responseCode = 200
2019-10-08 15:35:57 INFO  ApacheHttpClient.sendEvent(516) - responseCode = 200
2019-10-08 15:36:57 INFO  ApacheHttpClient.sendEvent(516) - responseCode = 200
2019-10-08 15:37:57 INFO  ApacheHttpClient.sendEvent(516) - responseCode = 200
2019-10-08 15:38:57 INFO  ApacheHttpClient.sendEvent(516) - responseCode = 200
2019-10-08 15:39:57 INFO  ApacheHttpClient.sendEvent(516) - responseCode = 200
2019-10-08 15:40:44 INFO  ApacheHttpClient.getWebResourceAsStream(483) - responseCode = 200
2019-10-08 15:40:47 INFO  ApacheHttpClient.getWebResourceAsStream(483) - responseCode = 200
2019-10-08 15:40:47 INFO  ApacheHttpClient.getTask(469) - responseCode = 200
2019-10-08 15:40:49 INFO  ApacheHttpClient.completed(28) - responseCode = 200
2019-10-08 15:40:57 INFO  ApacheHttpClient.sendEvent(516) - responseCode = 200
2019-10-08 15:41:13 INFO  ApacheHttpClient.getWebResourceAsStream(483) - responseCode = 200
2019-10-08 15:41:13 INFO  ApacheHttpClient.getTask(469) - responseCode = 200
2019-10-08 15:41:57 INFO  ApacheHttpClient.sendEvent(516) - responseCode = 200
2019-10-08 15:42:57 INFO  ApacheHttpClient.sendEvent(516) - responseCode = 200
2019-10-08 15:43:17 INFO  ApacheHttpClient.getWebResourceAsStream(483) - responseCode = 200
2019-10-08 15:43:17 INFO  ApacheHttpClient.getTask(469) - responseCode = 200
2019-10-08 15:43:17 INFO  ApacheHttpClient.getWebResourceAsStream(483) - responseCode = 200
2019-10-08 15:43:25 INFO  ApacheHttpClient.completed(28) - responseCode = 200
2019-10-08 15:43:57 INFO  ApacheHttpClient.sendEvent(516) - responseCode = 200
2019-10-08 15:44:29 INFO  ApacheHttpClient.getWebResourceAsStream(483) - responseCode = 200
2019-10-08 15:44:29 INFO  ApacheHttpClient.getTask(469) - responseCode = 200
2019-10-08 15:44:30 INFO  ApacheHttpClient.getWebResourceAsStream(483) - responseCode = 200
2019-10-08 15:44:32 INFO  ApacheHttpClient.completed(28) - responseCode = 200
2019-10-08 15:44:32 INFO  ApacheHttpClient.getTask(469) - responseCode = 200
2019-10-08 15:44:57 INFO  ApacheHttpClient.sendEvent(516) - responseCode = 200
